#-----------------------------------------------------------
# Vivado v2021.1 (64-bit)
# SW Build 3247384 on Thu Jun 10 19:36:33 MDT 2021
# IP Build 3246043 on Fri Jun 11 00:30:35 MDT 2021
# Start of session at: Wed Sep 20 12:29:03 2023
# Process ID: 29556
# Current directory: C:/Users/gonin/Documents/COMP3601/COMP3601-Project
# Command line: vivado.exe -gui_launcher_event rodinguilauncherevent10840 C:\Users\gonin\Documents\COMP3601\COMP3601-Project\Lab1_COMP3601.xpr
# Log file: C:/Users/gonin/Documents/COMP3601/COMP3601-Project/vivado.log
# Journal file: C:/Users/gonin/Documents/COMP3601/COMP3601-Project\vivado.jou
#-----------------------------------------------------------
start_gui
open_project C:/Users/gonin/Documents/COMP3601/COMP3601-Project/Lab1_COMP3601.xpr
INFO: [Project 1-313] Project file moved from 'C:/Users/cse/Downloads' since last save.
WARNING: [filemgmt 56-2] Default IP Output Path : Could not find the directory 'C:/Users/gonin/Documents/COMP3601/COMP3601-Project/Lab1_COMP3601.gen/sources_1', nor could it be found using path 'C:/Users/cse/Downloads/Lab1_COMP3601.gen/sources_1'.
WARNING: [filemgmt 56-2] IPUserFilesDir: Could not find the directory 'C:/Users/gonin/Documents/COMP3601/COMP3601-Project/Lab1_COMP3601.ip_user_files', nor could it be found using path 'C:/Users/cse/Downloads/Lab1_COMP3601.ip_user_files'.
CRITICAL WARNING: [Project 1-311] Could not find the file 'C:/Users/gonin/Documents/COMP3601/COMP3601-Project/Lab1_COMP3601.srcs/sources_1/bd/design_1/design_1.bd', nor could it be found using path 'C:/Users/cse/Downloads/Lab1_COMP3601.srcs/sources_1/bd/design_1/design_1.bd'.
CRITICAL WARNING: [Project 1-311] Could not find the file 'C:/Users/gonin/Documents/COMP3601/COMP3601-Project/Lab1_COMP3601.srcs/sources_1/new/led_blink.vhd', nor could it be found using path 'C:/Users/cse/Downloads/Lab1_COMP3601.srcs/sources_1/new/led_blink.vhd'.
CRITICAL WARNING: [Project 1-311] Could not find the file 'C:/Users/gonin/Documents/COMP3601/COMP3601-Project/Lab1_COMP3601.srcs/sources_1/imports/design_1_wrapper.v', nor could it be found using path 'C:/Users/cse/Downloads/Lab1_COMP3601.srcs/sources_1/imports/design_1_wrapper.v'.
CRITICAL WARNING: [Project 1-311] Could not find the file 'C:/Users/gonin/Documents/COMP3601/kria-constraints.xdc', nor could it be found using path 'C:/Users/cse/kria-constraints.xdc'.
CRITICAL WARNING: [Project 1-311] Could not find the file 'C:/Users/gonin/Documents/COMP3601/COMP3601-Project/Lab1_COMP3601.srcs/utils_1/imports/synth_1/design_1_wrapper.dcp', nor could it be found using path 'C:/Users/cse/Downloads/Lab1_COMP3601.srcs/utils_1/imports/synth_1/design_1_wrapper.dcp'.
WARNING: [Project 1-865] Could not find the file C:/Users/gonin/Documents/COMP3601/COMP3601-Project/Lab1_COMP3601.srcs/utils_1/imports/synth_1/design_1_wrapper.dcp
Scanning sources...
Finished scanning sources
CRITICAL WARNING: [Board 49-67] The board_part definition was not found for xilinx.com:kv260_som:part0:1.2. This can happen sometimes when you use custom board part. You can resolve this issue by setting 'board.repoPaths' parameter, pointing to the location of custom board files. Valid board_part values can be retrieved with the 'get_board_parts' Tcl command.
WARNING: [BD 41-1663] The design 'design_1.bd' cannot be modified due to following reason(s):
* Project is read-only. Please run 'save_project_as' before making any change to the bd-design. 

WARNING: [Project 1-231] Project 'Lab1_COMP3601.xpr' was created with a future version and may or may not perform reliably with this version of Vivado. It has been opened in read-only mode for the protection of unrecognized data. Use 'File | Save Project As...' if you wish to alter a copy of the project.
INFO: [IP_Flow 19-234] Refreshing IP repositories
INFO: [IP_Flow 19-1704] No user IP repositories specified
INFO: [IP_Flow 19-2313] Loaded Vivado IP repository 'C:/Xilinx/Vivado/2021.1/data/ip'.
open_project: Time (s): cpu = 00:00:07 ; elapsed = 00:00:08 . Memory (MB): peak = 1468.734 ; gain = 0.000
exit
INFO: [Common 17-206] Exiting Vivado at Wed Sep 20 12:29:51 2023...
