INFO: [VRFC 10-163] Analyzing VHDL file "C:/Users/gonin/Documents/COMP3601/COMP3601-Project/TeamNASP_3601_M2/TeamNASP_3601_M2.sim/sim_1/synth/func/xsim/audio_pipeline_func_synth.vhd" into library xil_defaultlib
INFO: [VRFC 10-3107] analyzing entity 'design_1_audio_pipeline_0_0_ctrl_bus'
INFO: [VRFC 10-3107] analyzing entity 'design_1_audio_pipeline_0_0_fifo'
INFO: [VRFC 10-3107] analyzing entity 'design_1_audio_pipeline_0_0_i2s_master'
INFO: [VRFC 10-3107] analyzing entity 'design_1_auto_ds_0_axi_dwidth_converter_v2_1_24_b_downsizer'
INFO: [VRFC 10-3107] analyzing entity 'design_1_auto_ds_0_axi_dwidth_converter_v2_1_24_r_downsizer'
INFO: [VRFC 10-3107] analyzing entity 'design_1_auto_ds_0_axi_dwidth_converter_v2_1_24_w_downsizer'
INFO: [VRFC 10-3107] analyzing entity 'design_1_auto_ds_0_xpm_cdc_async_rst'
INFO: [VRFC 10-3107] analyzing entity '\design_1_auto_ds_0_xpm_cdc_async_rst__3\'
INFO: [VRFC 10-3107] analyzing entity '\design_1_auto_ds_0_xpm_cdc_async_rst__4\'
INFO: [VRFC 10-3107] analyzing entity 'design_1_auto_pc_0_axi_protocol_converter_v2_1_24_b2s_incr_cmd'
INFO: [VRFC 10-3107] analyzing entity 'design_1_auto_pc_0_axi_protocol_converter_v2_1_24_b2s_incr_cmd_2'
INFO: [VRFC 10-3107] analyzing entity 'design_1_auto_pc_0_axi_protocol_converter_v2_1_24_b2s_rd_cmd_fsm'
INFO: [VRFC 10-3107] analyzing entity 'design_1_auto_pc_0_axi_protocol_converter_v2_1_24_b2s_simple_fifo'
INFO: [VRFC 10-3107] analyzing entity '\design_1_auto_pc_0_axi_protocol_converter_v2_1_24_b2s_simple_fifo__parameterized0\'
INFO: [VRFC 10-3107] analyzing entity '\design_1_auto_pc_0_axi_protocol_converter_v2_1_24_b2s_simple_fifo__parameterized1\'
INFO: [VRFC 10-3107] analyzing entity '\design_1_auto_pc_0_axi_protocol_converter_v2_1_24_b2s_simple_fifo__parameterized2\'
INFO: [VRFC 10-3107] analyzing entity 'design_1_auto_pc_0_axi_protocol_converter_v2_1_24_b2s_wr_cmd_fsm'
INFO: [VRFC 10-3107] analyzing entity 'design_1_auto_pc_0_axi_protocol_converter_v2_1_24_b2s_wrap_cmd'
INFO: [VRFC 10-3107] analyzing entity 'design_1_auto_pc_0_axi_protocol_converter_v2_1_24_b2s_wrap_cmd_3'
INFO: [VRFC 10-3107] analyzing entity 'design_1_auto_pc_0_axi_register_slice_v2_1_24_axic_register_slice'
INFO: [VRFC 10-3107] analyzing entity 'design_1_auto_pc_0_axi_register_slice_v2_1_24_axic_register_slice_0'
INFO: [VRFC 10-3107] analyzing entity '\design_1_auto_pc_0_axi_register_slice_v2_1_24_axic_register_slice__parameterized1\'
INFO: [VRFC 10-3107] analyzing entity '\design_1_auto_pc_0_axi_register_slice_v2_1_24_axic_register_slice__parameterized2\'
INFO: [VRFC 10-3107] analyzing entity 'design_1_axi_dma_0_0_axi_datamover_fifo'
INFO: [VRFC 10-3107] analyzing entity '\design_1_axi_dma_0_0_axi_datamover_fifo__parameterized0\'
INFO: [VRFC 10-3107] analyzing entity 'design_1_axi_dma_0_0_axi_datamover_ibttcc'
INFO: [VRFC 10-3107] analyzing entity 'design_1_axi_dma_0_0_axi_datamover_mssai_skid_buf'
INFO: [VRFC 10-3107] analyzing entity 'design_1_axi_dma_0_0_axi_datamover_reset'
INFO: [VRFC 10-3107] analyzing entity 'design_1_axi_dma_0_0_axi_datamover_skid2mm_buf'
INFO: [VRFC 10-3107] analyzing entity 'design_1_axi_dma_0_0_axi_datamover_skid_buf'
INFO: [VRFC 10-3107] analyzing entity '\design_1_axi_dma_0_0_axi_datamover_skid_buf__parameterized0\'
INFO: [VRFC 10-3107] analyzing entity 'design_1_axi_dma_0_0_axi_datamover_slice'
INFO: [VRFC 10-3107] analyzing entity 'design_1_axi_dma_0_0_axi_dma_lite_if'
INFO: [VRFC 10-3107] analyzing entity 'design_1_axi_dma_0_0_axi_dma_register_s2mm'
INFO: [VRFC 10-3107] analyzing entity 'design_1_axi_dma_0_0_axi_dma_reset'
INFO: [VRFC 10-3107] analyzing entity 'design_1_axi_dma_0_0_axi_dma_s2mm_cmdsts_if'
INFO: [VRFC 10-3107] analyzing entity 'design_1_axi_dma_0_0_axi_dma_s2mm_sts_mngr'
INFO: [VRFC 10-3107] analyzing entity 'design_1_axi_dma_0_0_axi_dma_smple_sm'
INFO: [VRFC 10-3107] analyzing entity 'design_1_axi_dma_0_0_axi_dma_sofeof_gen'
INFO: [VRFC 10-3107] analyzing entity 'design_1_axi_dma_0_0_cdc_sync'
INFO: [VRFC 10-3107] analyzing entity 'design_1_axi_dma_0_0_cdc_sync_0'
INFO: [VRFC 10-3107] analyzing entity 'design_1_axi_dma_0_0_cntr_incr_decr_addn_f'
INFO: [VRFC 10-3107] analyzing entity 'design_1_axi_dma_0_0_cntr_incr_decr_addn_f_1'
INFO: [VRFC 10-3107] analyzing entity '\design_1_axi_dma_0_0_cntr_incr_decr_addn_f__parameterized0\'
INFO: [VRFC 10-3107] analyzing entity '\design_1_axi_dma_0_0_cntr_incr_decr_addn_f__parameterized0_2\'
INFO: [VRFC 10-3107] analyzing entity '\design_1_axi_dma_0_0_cntr_incr_decr_addn_f__parameterized0_3\'
INFO: [VRFC 10-3107] analyzing entity '\design_1_axi_dma_0_0_cntr_incr_decr_addn_f__parameterized1\'
INFO: [VRFC 10-3107] analyzing entity 'design_1_axi_dma_0_0_dynshreg_f'
INFO: [VRFC 10-3107] analyzing entity '\design_1_axi_dma_0_0_dynshreg_f__parameterized0\'
INFO: [VRFC 10-3107] analyzing entity '\design_1_axi_dma_0_0_dynshreg_f__parameterized1\'
INFO: [VRFC 10-3107] analyzing entity '\design_1_axi_dma_0_0_dynshreg_f__parameterized2\'
INFO: [VRFC 10-3107] analyzing entity '\design_1_axi_dma_0_0_dynshreg_f__parameterized3\'
INFO: [VRFC 10-3107] analyzing entity '\design_1_axi_dma_0_0_dynshreg_f__parameterized4\'
INFO: [VRFC 10-3107] analyzing entity '\design_1_axi_dma_0_0_xpm_counter_updn__parameterized1\'
INFO: [VRFC 10-3107] analyzing entity '\design_1_axi_dma_0_0_xpm_counter_updn__parameterized2\'
INFO: [VRFC 10-3107] analyzing entity '\design_1_axi_dma_0_0_xpm_counter_updn__parameterized2_4\'
INFO: [VRFC 10-3107] analyzing entity '\design_1_axi_dma_0_0_xpm_counter_updn__parameterized3\'
INFO: [VRFC 10-3107] analyzing entity '\design_1_axi_dma_0_0_xpm_counter_updn__parameterized3_5\'
INFO: [VRFC 10-3107] analyzing entity '\design_1_axi_dma_0_0_xpm_counter_updn__parameterized6\'
INFO: [VRFC 10-3107] analyzing entity '\design_1_axi_dma_0_0_xpm_counter_updn__parameterized6_7\'
INFO: [VRFC 10-3107] analyzing entity '\design_1_axi_dma_0_0_xpm_counter_updn__parameterized7\'
INFO: [VRFC 10-3107] analyzing entity '\design_1_axi_dma_0_0_xpm_counter_updn__parameterized7_8\'
INFO: [VRFC 10-3107] analyzing entity 'design_1_axi_dma_0_0_xpm_fifo_reg_bit'
INFO: [VRFC 10-3107] analyzing entity 'design_1_axi_dma_0_0_xpm_fifo_reg_bit_6'
INFO: [VRFC 10-3107] analyzing entity 'design_1_axi_dma_0_0_xpm_fifo_rst'
INFO: [VRFC 10-3107] analyzing entity 'design_1_axi_dma_0_0_xpm_fifo_rst_9'
INFO: [VRFC 10-3107] analyzing entity 'design_1_axi_dma_0_0_xpm_memory_base'
INFO: [VRFC 10-3107] analyzing entity '\design_1_axi_dma_0_0_xpm_memory_base__parameterized0\'
INFO: [VRFC 10-3107] analyzing entity 'design_1_axi_smc_0_cdc_sync'
INFO: [VRFC 10-3107] analyzing entity 'design_1_axi_smc_0_upcnt_n'
INFO: [VRFC 10-3107] analyzing entity 'design_1_axi_smc_0_xpm_cdc_async_rst'
INFO: [VRFC 10-3107] analyzing entity '\design_1_axi_smc_0_xpm_cdc_async_rst__1\'
INFO: [VRFC 10-3107] analyzing entity '\design_1_axi_smc_0_xpm_cdc_async_rst__2\'
INFO: [VRFC 10-3107] analyzing entity '\design_1_axi_smc_0_xpm_cdc_async_rst__3\'
INFO: [VRFC 10-3107] analyzing entity '\design_1_axi_smc_0_xpm_cdc_async_rst__4\'
INFO: [VRFC 10-3107] analyzing entity '\design_1_axi_smc_0_xpm_cdc_async_rst__5\'
INFO: [VRFC 10-3107] analyzing entity '\design_1_axi_smc_0_xpm_cdc_async_rst__6\'
INFO: [VRFC 10-3107] analyzing entity '\design_1_axi_smc_0_xpm_cdc_async_rst__7\'
INFO: [VRFC 10-3107] analyzing entity '\design_1_axi_smc_0_xpm_cdc_async_rst__8\'
INFO: [VRFC 10-3107] analyzing entity '\design_1_axi_smc_0_xpm_cdc_async_rst__9\'
INFO: [VRFC 10-3107] analyzing entity 'design_1_axi_smc_0_xpm_memory_base'
INFO: [VRFC 10-3107] analyzing entity '\design_1_axi_smc_0_xpm_memory_base__parameterized0\'
INFO: [VRFC 10-3107] analyzing entity '\design_1_axi_smc_0_xpm_memory_base__parameterized1\'
INFO: [VRFC 10-3107] analyzing entity 'design_1_clk_wiz_0_0_clk_wiz'
INFO: [VRFC 10-3107] analyzing entity 'design_1_rst_ps8_0_99M_0_cdc_sync'
INFO: [VRFC 10-3107] analyzing entity 'design_1_rst_ps8_0_99M_0_cdc_sync_0'
INFO: [VRFC 10-3107] analyzing entity 'design_1_rst_ps8_0_99M_0_upcnt_n'
INFO: [VRFC 10-3107] analyzing entity 'design_1_xbar_0_axi_crossbar_v2_1_25_addr_arbiter_sasd'
INFO: [VRFC 10-3107] analyzing entity 'design_1_xbar_0_axi_crossbar_v2_1_25_decerr_slave'
INFO: [VRFC 10-3107] analyzing entity 'design_1_xbar_0_axi_crossbar_v2_1_25_splitter'
INFO: [VRFC 10-3107] analyzing entity '\design_1_xbar_0_axi_crossbar_v2_1_25_splitter__parameterized0\'
INFO: [VRFC 10-3107] analyzing entity 'design_1_xbar_0_axi_register_slice_v2_1_24_axic_register_slice'
INFO: [VRFC 10-3107] analyzing entity 'design_1_zynq_ultra_ps_e_0_0_zynq_ultra_ps_e_v3_3_5_zynq_ultra_ps_e'
INFO: [VRFC 10-3107] analyzing entity 'design_1_axi_smc_0_sc_axi2sc_v1_0_7_top'
INFO: [VRFC 10-3107] analyzing entity 'design_1_axi_smc_0_sc_node_v1_0_13_fi_regulator'
INFO: [VRFC 10-3107] analyzing entity 'design_1_axi_smc_0_sc_node_v1_0_13_si_handler'
INFO: [VRFC 10-3107] analyzing entity '\design_1_axi_smc_0_sc_node_v1_0_13_si_handler__parameterized0\'
INFO: [VRFC 10-3107] analyzing entity '\design_1_axi_smc_0_sc_node_v1_0_13_si_handler__parameterized1\'
INFO: [VRFC 10-3107] analyzing entity 'design_1_axi_smc_0_sc_sc2axi_v1_0_7_top'
INFO: [VRFC 10-3107] analyzing entity '\design_1_axi_smc_0_sc_util_v1_0_4_axi_reg_stall__parameterized1\'
INFO: [VRFC 10-3107] analyzing entity 'design_1_axi_smc_0_sc_util_v1_0_4_counter'
INFO: [VRFC 10-3107] analyzing entity 'design_1_axi_smc_0_sc_util_v1_0_4_counter_0'
INFO: [VRFC 10-3107] analyzing entity 'design_1_axi_smc_0_sc_util_v1_0_4_counter_1'
INFO: [VRFC 10-3107] analyzing entity 'design_1_axi_smc_0_sc_util_v1_0_4_counter_2'
INFO: [VRFC 10-3107] analyzing entity 'design_1_axi_smc_0_sc_util_v1_0_4_counter_4'
INFO: [VRFC 10-3107] analyzing entity 'design_1_axi_smc_0_sc_util_v1_0_4_counter_5'
INFO: [VRFC 10-3107] analyzing entity '\design_1_axi_smc_0_sc_util_v1_0_4_counter__parameterized0\'
INFO: [VRFC 10-3107] analyzing entity '\design_1_axi_smc_0_sc_util_v1_0_4_counter__parameterized0_3\'
INFO: [VRFC 10-3107] analyzing entity '\design_1_axi_smc_0_sc_util_v1_0_4_counter__parameterized0_6\'
INFO: [VRFC 10-3107] analyzing entity '\design_1_axi_smc_0_sc_util_v1_0_4_pipeline__parameterized5\'
INFO: [VRFC 10-3107] analyzing entity 'design_1_axi_smc_0_sc_util_v1_0_4_srl_rtl'
INFO: [VRFC 10-3107] analyzing entity 'design_1_axi_smc_0_sc_util_v1_0_4_srl_rtl_10'
INFO: [VRFC 10-3107] analyzing entity 'design_1_axi_smc_0_sc_util_v1_0_4_srl_rtl_11'
INFO: [VRFC 10-3107] analyzing entity 'design_1_axi_smc_0_sc_util_v1_0_4_srl_rtl_12'
INFO: [VRFC 10-3107] analyzing entity 'design_1_axi_smc_0_sc_util_v1_0_4_srl_rtl_13'
INFO: [VRFC 10-3107] analyzing entity 'design_1_axi_smc_0_sc_util_v1_0_4_srl_rtl_7'
INFO: [VRFC 10-3107] analyzing entity 'design_1_axi_smc_0_sc_util_v1_0_4_srl_rtl_8'
INFO: [VRFC 10-3107] analyzing entity 'design_1_axi_smc_0_sc_util_v1_0_4_srl_rtl_9'
INFO: [VRFC 10-3107] analyzing entity 'design_1_auto_ds_0_dmem'
INFO: [VRFC 10-3107] analyzing entity '\design_1_auto_ds_0_dmem__parameterized0\'
INFO: [VRFC 10-3107] analyzing entity '\design_1_auto_ds_0_dmem__parameterized0_10\'
INFO: [VRFC 10-3107] analyzing entity 'design_1_auto_ds_0_rd_bin_cntr'
INFO: [VRFC 10-3107] analyzing entity 'design_1_auto_ds_0_rd_bin_cntr_15'
INFO: [VRFC 10-3107] analyzing entity 'design_1_auto_ds_0_rd_bin_cntr_6'
INFO: [VRFC 10-3107] analyzing entity 'design_1_auto_ds_0_rd_fwft'
INFO: [VRFC 10-3107] analyzing entity 'design_1_auto_ds_0_rd_fwft_13'
INFO: [VRFC 10-3107] analyzing entity 'design_1_auto_ds_0_rd_fwft_4'
INFO: [VRFC 10-3107] analyzing entity 'design_1_auto_ds_0_rd_status_flags_ss'
INFO: [VRFC 10-3107] analyzing entity 'design_1_auto_ds_0_rd_status_flags_ss_14'
INFO: [VRFC 10-3107] analyzing entity 'design_1_auto_ds_0_rd_status_flags_ss_5'
INFO: [VRFC 10-3107] analyzing entity 'design_1_auto_ds_0_wr_bin_cntr'
INFO: [VRFC 10-3107] analyzing entity 'design_1_auto_ds_0_wr_bin_cntr_12'
INFO: [VRFC 10-3107] analyzing entity 'design_1_auto_ds_0_wr_bin_cntr_3'
INFO: [VRFC 10-3107] analyzing entity 'design_1_auto_ds_0_wr_status_flags_ss'
INFO: [VRFC 10-3107] analyzing entity 'design_1_auto_ds_0_wr_status_flags_ss_11'
INFO: [VRFC 10-3107] analyzing entity 'design_1_auto_ds_0_wr_status_flags_ss_2'
INFO: [VRFC 10-3107] analyzing entity 'design_1_audio_pipeline_0_0_audio_pipeline'
INFO: [VRFC 10-3107] analyzing entity 'design_1_auto_pc_0_axi_protocol_converter_v2_1_24_b2s_b_channel'
INFO: [VRFC 10-3107] analyzing entity 'design_1_auto_pc_0_axi_protocol_converter_v2_1_24_b2s_cmd_translator'
INFO: [VRFC 10-3107] analyzing entity 'design_1_auto_pc_0_axi_protocol_converter_v2_1_24_b2s_cmd_translator_1'
INFO: [VRFC 10-3107] analyzing entity 'design_1_auto_pc_0_axi_protocol_converter_v2_1_24_b2s_r_channel'
INFO: [VRFC 10-3107] analyzing entity 'design_1_auto_pc_0_axi_register_slice_v2_1_24_axi_register_slice'
INFO: [VRFC 10-3107] analyzing entity 'design_1_axi_dma_0_0_axi_datamover_cmd_status'
INFO: [VRFC 10-3107] analyzing entity 'design_1_axi_dma_0_0_axi_dma_reg_module'
INFO: [VRFC 10-3107] analyzing entity 'design_1_axi_dma_0_0_axi_dma_rst_module'
INFO: [VRFC 10-3107] analyzing entity 'design_1_axi_dma_0_0_axi_dma_s2mm_mngr'
INFO: [VRFC 10-3107] analyzing entity 'design_1_axi_dma_0_0_srl_fifo_rbu_f'
INFO: [VRFC 10-3107] analyzing entity '\design_1_axi_dma_0_0_srl_fifo_rbu_f__parameterized0\'
INFO: [VRFC 10-3107] analyzing entity '\design_1_axi_dma_0_0_srl_fifo_rbu_f__parameterized1\'
INFO: [VRFC 10-3107] analyzing entity '\design_1_axi_dma_0_0_srl_fifo_rbu_f__parameterized2\'
INFO: [VRFC 10-3107] analyzing entity '\design_1_axi_dma_0_0_srl_fifo_rbu_f__parameterized3\'
INFO: [VRFC 10-3107] analyzing entity '\design_1_axi_dma_0_0_srl_fifo_rbu_f__parameterized4\'
INFO: [VRFC 10-3107] analyzing entity 'design_1_axi_dma_0_0_xpm_fifo_base'
INFO: [VRFC 10-3107] analyzing entity '\design_1_axi_dma_0_0_xpm_fifo_base__parameterized0\'
INFO: [VRFC 10-3107] analyzing entity 'design_1_axi_smc_0_bd_afc3_m00s2a_0'
INFO: [VRFC 10-3107] analyzing entity 'design_1_axi_smc_0_bd_afc3_s00a2s_0'
INFO: [VRFC 10-3107] analyzing entity 'design_1_axi_smc_0_lpf'
INFO: [VRFC 10-3107] analyzing entity 'design_1_axi_smc_0_sequence_psr'
INFO: [VRFC 10-3107] analyzing entity 'design_1_axi_smc_0_xpm_memory_sdpram'
INFO: [VRFC 10-3107] analyzing entity '\design_1_axi_smc_0_xpm_memory_sdpram__parameterized0\'
INFO: [VRFC 10-3107] analyzing entity '\design_1_axi_smc_0_xpm_memory_sdpram__parameterized1\'
INFO: [VRFC 10-3107] analyzing entity 'design_1_clk_wiz_0_0'
INFO: [VRFC 10-3107] analyzing entity 'design_1_rst_ps8_0_99M_0_lpf'
INFO: [VRFC 10-3107] analyzing entity 'design_1_rst_ps8_0_99M_0_sequence_psr'
INFO: [VRFC 10-3107] analyzing entity 'design_1_xbar_0_axi_crossbar_v2_1_25_crossbar_sasd'
INFO: [VRFC 10-3107] analyzing entity 'design_1_zynq_ultra_ps_e_0_0'
INFO: [VRFC 10-3107] analyzing entity 'design_1_axi_smc_0_sc_mmu_v1_0_10_top'
INFO: [VRFC 10-3107] analyzing entity 'design_1_axi_smc_0_sc_node_v1_0_13_upsizer'
INFO: [VRFC 10-3107] analyzing entity 'design_1_axi_smc_0_sc_transaction_regulator_v1_0_9_singleorder'
INFO: [VRFC 10-3107] analyzing entity '\design_1_axi_smc_0_sc_util_v1_0_4_axic_reg_srl_fifo__parameterized0\'
INFO: [VRFC 10-3107] analyzing entity '\design_1_axi_smc_0_sc_util_v1_0_4_axic_reg_srl_fifo__parameterized1\'
INFO: [VRFC 10-3107] analyzing entity 'design_1_auto_ds_0_memory'
INFO: [VRFC 10-3107] analyzing entity '\design_1_auto_ds_0_memory__parameterized0\'
INFO: [VRFC 10-3107] analyzing entity '\design_1_auto_ds_0_memory__parameterized0_9\'
INFO: [VRFC 10-3107] analyzing entity 'design_1_auto_ds_0_rd_logic'
INFO: [VRFC 10-3107] analyzing entity 'design_1_auto_ds_0_rd_logic_0'
INFO: [VRFC 10-3107] analyzing entity 'design_1_auto_ds_0_rd_logic_7'
INFO: [VRFC 10-3107] analyzing entity 'design_1_auto_ds_0_reset_blk_ramfifo'
INFO: [VRFC 10-3107] analyzing entity '\design_1_auto_ds_0_reset_blk_ramfifo__xdcDup__1\'
INFO: [VRFC 10-3107] analyzing entity '\design_1_auto_ds_0_reset_blk_ramfifo__xdcDup__2\'
INFO: [VRFC 10-3107] analyzing entity 'design_1_auto_ds_0_wr_logic'
INFO: [VRFC 10-3107] analyzing entity 'design_1_auto_ds_0_wr_logic_1'
INFO: [VRFC 10-3107] analyzing entity 'design_1_auto_ds_0_wr_logic_8'
INFO: [VRFC 10-3107] analyzing entity 'design_1_audio_pipeline_0_0'
INFO: [VRFC 10-3107] analyzing entity 'design_1_auto_pc_0_axi_protocol_converter_v2_1_24_b2s_ar_channel'
INFO: [VRFC 10-3107] analyzing entity 'design_1_auto_pc_0_axi_protocol_converter_v2_1_24_b2s_aw_channel'
INFO: [VRFC 10-3107] analyzing entity 'design_1_axi_dma_0_0_srl_fifo_f'
INFO: [VRFC 10-3107] analyzing entity '\design_1_axi_dma_0_0_srl_fifo_f__parameterized0\'
INFO: [VRFC 10-3107] analyzing entity '\design_1_axi_dma_0_0_srl_fifo_f__parameterized1\'
INFO: [VRFC 10-3107] analyzing entity '\design_1_axi_dma_0_0_srl_fifo_f__parameterized2\'
INFO: [VRFC 10-3107] analyzing entity '\design_1_axi_dma_0_0_srl_fifo_f__parameterized3\'
INFO: [VRFC 10-3107] analyzing entity '\design_1_axi_dma_0_0_srl_fifo_f__parameterized4\'
INFO: [VRFC 10-3107] analyzing entity 'design_1_axi_dma_0_0_xpm_fifo_sync'
INFO: [VRFC 10-3107] analyzing entity '\design_1_axi_dma_0_0_xpm_fifo_sync__parameterized1\'
INFO: [VRFC 10-3107] analyzing entity 'design_1_axi_smc_0_bd_afc3_s00mmu_0'
INFO: [VRFC 10-3107] analyzing entity 'design_1_axi_smc_0_proc_sys_reset'
INFO: [VRFC 10-3107] analyzing entity 'design_1_rst_ps8_0_99M_0_proc_sys_reset'
INFO: [VRFC 10-3107] analyzing entity 'design_1_xbar_0_axi_crossbar_v2_1_25_axi_crossbar'
INFO: [VRFC 10-3107] analyzing entity 'design_1_axi_smc_0_sc_exit_v1_0_11_exit'
INFO: [VRFC 10-3107] analyzing entity 'design_1_axi_smc_0_sc_si_converter_v1_0_10_splitter'
INFO: [VRFC 10-3107] analyzing entity 'design_1_axi_smc_0_sc_transaction_regulator_v1_0_9_top'
INFO: [VRFC 10-3107] analyzing entity 'design_1_axi_smc_0_sc_util_v1_0_4_xpm_memory_fifo'
INFO: [VRFC 10-3107] analyzing entity '\design_1_axi_smc_0_sc_util_v1_0_4_xpm_memory_fifo__parameterized0\'
INFO: [VRFC 10-3107] analyzing entity '\design_1_axi_smc_0_sc_util_v1_0_4_xpm_memory_fifo__parameterized1\'
INFO: [VRFC 10-3107] analyzing entity 'design_1_auto_ds_0_fifo_generator_ramfifo'
INFO: [VRFC 10-3107] analyzing entity '\design_1_auto_ds_0_fifo_generator_ramfifo__parameterized0\'
INFO: [VRFC 10-3107] analyzing entity '\design_1_auto_ds_0_fifo_generator_ramfifo__parameterized0__xdcDup__1\'
INFO: [VRFC 10-3107] analyzing entity 'design_1_auto_pc_0_axi_protocol_converter_v2_1_24_b2s'
INFO: [VRFC 10-3107] analyzing entity '\design_1_axi_dma_0_0_axi_datamover_fifo__parameterized1\'
INFO: [VRFC 10-3107] analyzing entity '\design_1_axi_dma_0_0_axi_datamover_fifo__parameterized2\'
INFO: [VRFC 10-3107] analyzing entity '\design_1_axi_dma_0_0_axi_datamover_fifo__parameterized3\'
INFO: [VRFC 10-3107] analyzing entity '\design_1_axi_dma_0_0_axi_datamover_fifo__parameterized4\'
INFO: [VRFC 10-3107] analyzing entity '\design_1_axi_dma_0_0_axi_datamover_fifo__parameterized5\'
INFO: [VRFC 10-3107] analyzing entity '\design_1_axi_dma_0_0_axi_datamover_fifo__parameterized6\'
INFO: [VRFC 10-3107] analyzing entity 'design_1_axi_dma_0_0_sync_fifo_fg'
INFO: [VRFC 10-3107] analyzing entity '\design_1_axi_dma_0_0_sync_fifo_fg__parameterized0\'
INFO: [VRFC 10-3107] analyzing entity 'design_1_axi_smc_0_bd_afc3_psr_aclk_0'
INFO: [VRFC 10-3107] analyzing entity 'design_1_axi_smc_0_bd_afc3_s00tr_0'
INFO: [VRFC 10-3107] analyzing entity 'design_1_rst_ps8_0_99M_0'
INFO: [VRFC 10-3107] analyzing entity 'design_1_xbar_0'
INFO: [VRFC 10-3107] analyzing entity 'design_1_axi_smc_0_sc_exit_v1_0_11_top'
INFO: [VRFC 10-3107] analyzing entity 'design_1_axi_smc_0_sc_node_v1_0_13_fifo'
INFO: [VRFC 10-3107] analyzing entity '\design_1_axi_smc_0_sc_node_v1_0_13_fifo__parameterized0\'
INFO: [VRFC 10-3107] analyzing entity '\design_1_axi_smc_0_sc_node_v1_0_13_fifo__parameterized1\'
INFO: [VRFC 10-3107] analyzing entity 'design_1_axi_smc_0_sc_si_converter_v1_0_10_top'
INFO: [VRFC 10-3107] analyzing entity 'design_1_auto_ds_0_fifo_generator_top'
INFO: [VRFC 10-3107] analyzing entity '\design_1_auto_ds_0_fifo_generator_top__parameterized0\'
INFO: [VRFC 10-3107] analyzing entity '\design_1_auto_ds_0_fifo_generator_top__parameterized0__xdcDup__1\'
INFO: [VRFC 10-3107] analyzing entity 'design_1_auto_pc_0_axi_protocol_converter_v2_1_24_axi_protocol_converter'
INFO: [VRFC 10-3107] analyzing entity 'design_1_axi_dma_0_0_axi_datamover_addr_cntl'
INFO: [VRFC 10-3107] analyzing entity 'design_1_axi_dma_0_0_axi_datamover_s2mm_scatter'
INFO: [VRFC 10-3107] analyzing entity 'design_1_axi_dma_0_0_axi_datamover_sfifo_autord'
INFO: [VRFC 10-3107] analyzing entity '\design_1_axi_dma_0_0_axi_datamover_sfifo_autord__parameterized0\'
INFO: [VRFC 10-3107] analyzing entity 'design_1_axi_dma_0_0_axi_datamover_wr_status_cntl'
INFO: [VRFC 10-3107] analyzing entity 'design_1_axi_dma_0_0_axi_datamover_wrdata_cntl'
INFO: [VRFC 10-3107] analyzing entity 'design_1_axi_smc_0_bd_afc3_m00e_0'
INFO: [VRFC 10-3107] analyzing entity 'design_1_axi_smc_0_bd_afc3_s00sic_0'
INFO: [VRFC 10-3107] analyzing entity 'design_1_axi_smc_0_clk_map_imp_5Y9LOC'
INFO: [VRFC 10-3107] analyzing entity 'design_1_axi_smc_0_sc_node_v1_0_13_mi_handler'
INFO: [VRFC 10-3107] analyzing entity '\design_1_axi_smc_0_sc_node_v1_0_13_mi_handler__parameterized0\'
INFO: [VRFC 10-3107] analyzing entity '\design_1_axi_smc_0_sc_node_v1_0_13_mi_handler__parameterized1\'
INFO: [VRFC 10-3107] analyzing entity 'design_1_auto_ds_0_fifo_generator_v13_2_5_synth'
INFO: [VRFC 10-3107] analyzing entity '\design_1_auto_ds_0_fifo_generator_v13_2_5_synth__parameterized0\'
INFO: [VRFC 10-3107] analyzing entity '\design_1_auto_ds_0_fifo_generator_v13_2_5_synth__parameterized0__xdcDup__1\'
INFO: [VRFC 10-3107] analyzing entity 'design_1_auto_pc_0'
INFO: [VRFC 10-3107] analyzing entity 'design_1_axi_dma_0_0_axi_datamover_indet_btt'
INFO: [VRFC 10-3107] analyzing entity 'design_1_axi_dma_0_0_axi_datamover_s2mm_realign'
INFO: [VRFC 10-3107] analyzing entity 'design_1_axi_smc_0_m00_exit_pipeline_imp_1TZX5BB'
INFO: [VRFC 10-3107] analyzing entity 'design_1_axi_smc_0_s00_entry_pipeline_imp_USCCV8'
INFO: [VRFC 10-3107] analyzing entity 'design_1_axi_smc_0_sc_node_v1_0_13_top'
INFO: [VRFC 10-3107] analyzing entity '\design_1_axi_smc_0_sc_node_v1_0_13_top__parameterized0\'
INFO: [VRFC 10-3107] analyzing entity '\design_1_axi_smc_0_sc_node_v1_0_13_top__parameterized1\'
INFO: [VRFC 10-3107] analyzing entity 'design_1_auto_ds_0_fifo_generator_v13_2_5'
INFO: [VRFC 10-3107] analyzing entity '\design_1_auto_ds_0_fifo_generator_v13_2_5__parameterized0\'
INFO: [VRFC 10-3107] analyzing entity '\design_1_auto_ds_0_fifo_generator_v13_2_5__parameterized0__xdcDup__1\'
INFO: [VRFC 10-3107] analyzing entity 'design_1_auto_ds_0_axi_data_fifo_v2_1_23_fifo_gen'
INFO: [VRFC 10-3107] analyzing entity '\design_1_auto_ds_0_axi_data_fifo_v2_1_23_fifo_gen__parameterized0\'
INFO: [VRFC 10-3107] analyzing entity '\design_1_auto_ds_0_axi_data_fifo_v2_1_23_fifo_gen__parameterized0__xdcDup__1\'
INFO: [VRFC 10-3107] analyzing entity 'design_1_axi_dma_0_0_axi_datamover_s2mm_full_wrap'
INFO: [VRFC 10-3107] analyzing entity 'design_1_axi_smc_0_bd_afc3_sawn_0'
INFO: [VRFC 10-3107] analyzing entity 'design_1_axi_smc_0_bd_afc3_sbn_0'
INFO: [VRFC 10-3107] analyzing entity 'design_1_axi_smc_0_bd_afc3_swn_0'
INFO: [VRFC 10-3107] analyzing entity 'design_1_auto_ds_0_axi_data_fifo_v2_1_23_axic_fifo'
INFO: [VRFC 10-3107] analyzing entity '\design_1_auto_ds_0_axi_data_fifo_v2_1_23_axic_fifo__parameterized0\'
INFO: [VRFC 10-3107] analyzing entity '\design_1_auto_ds_0_axi_data_fifo_v2_1_23_axic_fifo__parameterized0__xdcDup__1\'
INFO: [VRFC 10-3107] analyzing entity 'design_1_axi_dma_0_0_axi_datamover'
INFO: [VRFC 10-3107] analyzing entity 'design_1_axi_smc_0_s00_nodes_imp_Y7M43I'
INFO: [VRFC 10-3107] analyzing entity 'design_1_auto_ds_0_axi_dwidth_converter_v2_1_24_a_downsizer'
INFO: [VRFC 10-3107] analyzing entity '\design_1_auto_ds_0_axi_dwidth_converter_v2_1_24_a_downsizer__parameterized0\'
INFO: [VRFC 10-3107] analyzing entity 'design_1_axi_dma_0_0_axi_dma'
INFO: [VRFC 10-3107] analyzing entity 'design_1_axi_smc_0_bd_afc3'
INFO: [VRFC 10-3107] analyzing entity 'design_1_auto_ds_0_axi_dwidth_converter_v2_1_24_axi_downsizer'
INFO: [VRFC 10-3107] analyzing entity 'design_1_axi_dma_0_0'
INFO: [VRFC 10-3107] analyzing entity 'design_1_axi_smc_0'
INFO: [VRFC 10-3107] analyzing entity 'design_1_auto_ds_0_axi_dwidth_converter_v2_1_24_top'
INFO: [VRFC 10-3107] analyzing entity 'design_1_auto_ds_0'
INFO: [VRFC 10-3107] analyzing entity 's00_couplers_imp_1A7ZMW4'
INFO: [VRFC 10-3107] analyzing entity 'design_1_ps8_0_axi_periph_0'
INFO: [VRFC 10-3107] analyzing entity 'design_1'
INFO: [VRFC 10-3107] analyzing entity 'design_1_wrapper'
INFO: [VRFC 10-163] Analyzing VHDL file "C:/Users/gonin/Documents/COMP3601/COMP3601-Project/TeamNASP_3601_M2/TeamNASP_3601_M2.srcs/sources_1/imports/hdl/params.vhd" into library xil_defaultlib
INFO: [VRFC 10-163] Analyzing VHDL file "C:/Users/gonin/Documents/COMP3601/COMP3601-Project/TeamNASP_3601_M2/TeamNASP_3601_M2.srcs/sources_1/imports/hdl/ctrl_bus.vhd" into library xil_defaultlib
INFO: [VRFC 10-3107] analyzing entity 'ctrl_bus'
INFO: [VRFC 10-163] Analyzing VHDL file "C:/Users/gonin/Documents/COMP3601/COMP3601-Project/TeamNASP_3601_M2/TeamNASP_3601_M2.srcs/sources_1/imports/hdl/fifo.vhd" into library xil_defaultlib
INFO: [VRFC 10-3107] analyzing entity 'fifo'
INFO: [VRFC 10-163] Analyzing VHDL file "C:/Users/gonin/Documents/COMP3601/COMP3601-Project/TeamNASP_3601_M2/TeamNASP_3601_M2.srcs/sources_1/imports/hdl/i2s_master.vhd" into library xil_defaultlib
INFO: [VRFC 10-3107] analyzing entity 'i2s_master'
INFO: [VRFC 10-163] Analyzing VHDL file "C:/Users/gonin/Documents/COMP3601/COMP3601-Project/TeamNASP_3601_M2/TeamNASP_3601_M2.srcs/sources_1/imports/hdl/audio_pipeline.vhd" into library xil_defaultlib
INFO: [VRFC 10-3107] analyzing entity 'audio_pipeline'
