#-----------------------------------------------------------
# Vivado v2021.1 (64-bit)
# SW Build 3247384 on Thu Jun 10 19:36:33 MDT 2021
# IP Build 3246043 on Fri Jun 11 00:30:35 MDT 2021
# Start of session at: Wed Oct 11 14:09:41 2023
# Process ID: 8520
# Current directory: C:/Users/gonin/Documents/COMP3601/COMP3601-Project/TeamNASP_3601_M2
# Command line: vivado.exe -gui_launcher_event rodinguilauncherevent18060 C:\Users\gonin\Documents\COMP3601\COMP3601-Project\TeamNASP_3601_M2\TeamNASP_3601_M2.xpr
# Log file: C:/Users/gonin/Documents/COMP3601/COMP3601-Project/TeamNASP_3601_M2/vivado.log
# Journal file: C:/Users/gonin/Documents/COMP3601/COMP3601-Project/TeamNASP_3601_M2\vivado.jou
#-----------------------------------------------------------
start_gui
open_project C:/Users/gonin/Documents/COMP3601/COMP3601-Project/TeamNASP_3601_M2/TeamNASP_3601_M2.xpr
Scanning sources...
Finished scanning sources
INFO: [IP_Flow 19-234] Refreshing IP repositories
INFO: [IP_Flow 19-1704] No user IP repositories specified
INFO: [IP_Flow 19-2313] Loaded Vivado IP repository 'C:/Xilinx/Vivado/2021.1/data/ip'.
open_project: Time (s): cpu = 00:00:14 ; elapsed = 00:00:18 . Memory (MB): peak = 1135.301 ; gain = 0.000
update_compile_order -fileset sources_1
open_bd_design {C:/Users/gonin/Documents/COMP3601/COMP3601-Project/TeamNASP_3601_M2/TeamNASP_3601_M2.srcs/sources_1/bd/design_1/design_1.bd}
Reading block design file <C:/Users/gonin/Documents/COMP3601/COMP3601-Project/TeamNASP_3601_M2/TeamNASP_3601_M2.srcs/sources_1/bd/design_1/design_1.bd>...
Adding component instance block -- xilinx.com:ip:zynq_ultra_ps_e:3.3 - zynq_ultra_ps_e_0
Adding component instance block -- xilinx.com:ip:axi_dma:7.1 - axi_dma_0
Adding component instance block -- xilinx.com:ip:axi_interconnect:2.1 - ps8_0_axi_periph
Adding component instance block -- xilinx.com:ip:axi_crossbar:2.1 - xbar
Adding component instance block -- xilinx.com:ip:axi_dwidth_converter:2.1 - auto_ds
Adding component instance block -- xilinx.com:ip:axi_protocol_converter:2.1 - auto_pc
Adding component instance block -- xilinx.com:ip:proc_sys_reset:5.0 - rst_ps8_0_99M
Adding component instance block -- xilinx.com:ip:smartconnect:1.0 - axi_smc
Adding component instance block -- xilinx.com:ip:clk_wiz:6.0 - clk_wiz_0
Adding component instance block -- xilinx.com:module_ref:audio_pipeline:1.0 - audio_pipeline_0
Excluding slave segment /zynq_ultra_ps_e_0/SAXIGP0/HPC0_DDR_HIGH from address space /axi_dma_0/Data_S2MM.
Excluding slave segment /zynq_ultra_ps_e_0/SAXIGP0/HPC0_LPS_OCM from address space /axi_dma_0/Data_S2MM.
Successfully read diagram <design_1> from block design file <C:/Users/gonin/Documents/COMP3601/COMP3601-Project/TeamNASP_3601_M2/TeamNASP_3601_M2.srcs/sources_1/bd/design_1/design_1.bd>
open_bd_design: Time (s): cpu = 00:00:13 ; elapsed = 00:00:19 . Memory (MB): peak = 1175.059 ; gain = 39.758
INFO: [Ipptcl 7-1463] No Compatible Board Interface found. Board Tab not created in customize GUI
INFO: [Ipptcl 7-1463] No Compatible Board Interface found. Board Tab not created in customize GUI
INFO: [Ipptcl 7-1463] No Compatible Board Interface found. Board Tab not created in customize GUI
WARNING: [IP_Flow 19-474] Invalid Parameter 'Component_Name'
exit
