#-----------------------------------------------------------
# Vivado v2021.1 (64-bit)
# SW Build 3247384 on Thu Jun 10 19:36:33 MDT 2021
# IP Build 3246043 on Fri Jun 11 00:30:35 MDT 2021
# Start of session at: Mon Oct  9 22:49:06 2023
# Process ID: 2156
# Current directory: C:/Users/gonin/Documents/COMP3601/COMP3601-Project/TeamNASP_3601_M2
# Command line: vivado.exe -gui_launcher_event rodinguilauncherevent696 C:\Users\gonin\Documents\COMP3601\COMP3601-Project\TeamNASP_3601_M2\TeamNASP_3601_M2.xpr
# Log file: C:/Users/gonin/Documents/COMP3601/COMP3601-Project/TeamNASP_3601_M2/vivado.log
# Journal file: C:/Users/gonin/Documents/COMP3601/COMP3601-Project/TeamNASP_3601_M2\vivado.jou
#-----------------------------------------------------------
start_gui
open_project C:/Users/gonin/Documents/COMP3601/COMP3601-Project/TeamNASP_3601_M2/TeamNASP_3601_M2.xpr
Scanning sources...
Finished scanning sources
WARNING: [Project 1-509] GeneratedRun file for 'design_1_zynq_ultra_ps_e_0_0_synth_1' not found
WARNING: [Project 1-509] GeneratedRun file for 'design_1_axi_smc_0_synth_1' not found
WARNING: [Project 1-509] GeneratedRun file for 'design_1_axi_dma_0_0_synth_1' not found
WARNING: [Project 1-509] GeneratedRun file for 'design_1_rst_ps8_0_99M_0_synth_1' not found
WARNING: [Project 1-509] GeneratedRun file for 'design_1_xbar_0_synth_1' not found
WARNING: [Project 1-509] GeneratedRun file for 'design_1_auto_ds_0_synth_1' not found
WARNING: [Project 1-509] GeneratedRun file for 'design_1_auto_pc_0_synth_1' not found
INFO: [IP_Flow 19-234] Refreshing IP repositories
INFO: [IP_Flow 19-1704] No user IP repositories specified
INFO: [IP_Flow 19-2313] Loaded Vivado IP repository 'C:/Xilinx/Vivado/2021.1/data/ip'.
open_project: Time (s): cpu = 00:00:09 ; elapsed = 00:00:15 . Memory (MB): peak = 1134.883 ; gain = 0.000
update_compile_order -fileset sources_1
