#-----------------------------------------------------------
# Vivado v2021.1 (64-bit)
# SW Build 3247384 on Thu Jun 10 19:36:33 MDT 2021
# IP Build 3246043 on Fri Jun 11 00:30:35 MDT 2021
# Start of session at: Tue Oct 31 20:00:32 2023
# Process ID: 16372
# Current directory: C:/Users/gonin/Documents/COMP3601/COMP3601_TeamNASP/TeamNASP_3601_M2
# Command line: vivado.exe -gui_launcher_event rodinguilauncherevent5188 C:\Users\gonin\Documents\COMP3601\COMP3601_TeamNASP\TeamNASP_3601_M2\TeamNASP_3601_M2.xpr
# Log file: C:/Users/gonin/Documents/COMP3601/COMP3601_TeamNASP/TeamNASP_3601_M2/vivado.log
# Journal file: C:/Users/gonin/Documents/COMP3601/COMP3601_TeamNASP/TeamNASP_3601_M2\vivado.jou
#-----------------------------------------------------------
start_gui
open_project C:/Users/gonin/Documents/COMP3601/COMP3601_TeamNASP/TeamNASP_3601_M2/TeamNASP_3601_M2.xpr
Scanning sources...
Finished scanning sources
INFO: [IP_Flow 19-234] Refreshing IP repositories
INFO: [IP_Flow 19-1704] No user IP repositories specified
INFO: [IP_Flow 19-2313] Loaded Vivado IP repository 'C:/Xilinx/Vivado/2021.1/data/ip'.
open_project: Time (s): cpu = 00:00:21 ; elapsed = 00:00:16 . Memory (MB): peak = 1257.902 ; gain = 0.000
oexit
INFO: [Comconnect_hw_server -allow_non_jtag
INFO: [Labtools 27-2285] Connecting to hw_server url TCP:localhost:3121
INFO: [Labtools 27-2222] Launching hw_server...
INFO: [Labtools 27-2221] Launch Output:

****** Xilinx hw_server v2021.1
  **** Build date : Jun 10 2021 at 20:17:23
    ** Copyright 1986-2021 Xilinx, Inc. All Rights Reserved.


INFO: [Labtools 27-3415] Connecting to cs_server url TCP:localhost:3042
INFO: [Labtools 27-3417] Launching cs_server...
INFO: [Labtools 27-2221] Launch Output:


******** Xilinx cs_server v2021.1
  ****** Build date   : May 27 2021-03:32:33
    **** Build number : 2021.1.1622050353
      ** Copyright 2017-2023 Xilinx, Inc. All Rights Reserved.



connect_hw_server: Time (s): cpu = 00:00:02 ; elapsed = 00:00:07 . Memory (MB): peak = 1257.902 ; gain = 0.000
