#-----------------------------------------------------------
# Vivado v2021.1 (64-bit)
# SW Build 3247384 on Thu Jun 10 19:36:33 MDT 2021
# IP Build 3246043 on Fri Jun 11 00:30:35 MDT 2021
# Start of session at: Wed Oct  4 11:47:47 2023
# Process ID: 13048
# Current directory: D:/Sagar/UNSW/study/comp3601/Project/git/COMP3601-Project/TeamNASP_3601_M2
# Command line: vivado.exe -gui_launcher_event rodinguilauncherevent18868 D:\Sagar\UNSW\study\comp3601\Project\git\COMP3601-Project\TeamNASP_3601_M2\TeamNASP_3601_M2.xpr
# Log file: D:/Sagar/UNSW/study/comp3601/Project/git/COMP3601-Project/TeamNASP_3601_M2/vivado.log
# Journal file: D:/Sagar/UNSW/study/comp3601/Project/git/COMP3601-Project/TeamNASP_3601_M2\vivado.jou
#-----------------------------------------------------------
start_gui
open_project D:/Sagar/UNSW/study/comp3601/Project/git/COMP3601-Project/TeamNASP_3601_M2/TeamNASP_3601_M2.xpr
INFO: [Project 1-313] Project file moved from 'C:/Users/gonin/Documents/COMP3601/COMP3601-Project/TeamNASP_3601_M2' since last save.
WARNING: [filemgmt 56-2] IPUserFilesDir: Could not find the directory 'D:/Sagar/UNSW/study/comp3601/Project/git/COMP3601-Project/TeamNASP_3601_M2/TeamNASP_3601_M2.ip_user_files', nor could it be found using path 'C:/Users/gonin/Documents/COMP3601/COMP3601-Project/TeamNASP_3601_M2/TeamNASP_3601_M2.ip_user_files'.
Scanning sources...
Finished scanning sources
INFO: [IP_Flow 19-234] Refreshing IP repositories
INFO: [IP_Flow 19-1704] No user IP repositories specified
INFO: [IP_Flow 19-2313] Loaded Vivado IP repository 'D:/Sagar/UNSW/study/comp3601/Xilinx/Vivado/2021.1/data/ip'.
open_project: Time (s): cpu = 00:01:08 ; elapsed = 00:00:40 . Memory (MB): peak = 1284.598 ; gain = 0.000
exit
INFO: [Common 17-206] Exiting Vivado at Wed Oct  4 11:50:08 2023...
 Vivado at Wed Oct  4 11:49:10 2023...
