
*** Running vivado
    with args -log design_1_audio_pipeline_0_0.vds -m64 -product Vivado -mode batch -messageDb vivado.pb -notrace -source design_1_audio_pipeline_0_0.tcl



****** Vivado v2021.1 (64-bit)
  **** SW Build 3247384 on Thu Jun 10 19:36:33 MDT 2021
  **** IP Build 3246043 on Fri Jun 11 00:30:35 MDT 2021
    ** Copyright 1986-2021 Xilinx, Inc. All Rights Reserved.

source design_1_audio_pipeline_0_0.tcl -notrace
INFO: [IP_Flow 19-234] Refreshing IP repositories
INFO: [IP_Flow 19-1704] No user IP repositories specified
INFO: [IP_Flow 19-2313] Loaded Vivado IP repository 'C:/Xilinx/Vivado/2021.1/data/ip'.
WARNING: [IP_Flow 19-4995] The host OS only allows 260 characters in a normal path. The IP cache path is more than 80 characters. If you experience issues with IP caching, please consider changing the IP cache to a location with a shorter path. Alternately consider using the OS subst command to map part of the path to a drive letter. 
Current IP cache path is c:/Users/gonin/Documents/COMP3601/COMP3601_TeamNASP/TeamNASP_3601_M2/TeamNASP_3601_M2.cache/ip 
Command: synth_design -top design_1_audio_pipeline_0_0 -part xck26-sfvc784-2LV-c -mode out_of_context
Starting synth_design
Attempting to get a license for feature 'Synthesis' and/or device 'xck26'
INFO: [Common 17-349] Got license for feature 'Synthesis' and/or device 'xck26'
INFO: [Device 21-403] Loading part xck26-sfvc784-2LV-c
INFO: [Synth 8-7079] Multithreading enabled for synth_design using a maximum of 2 processes.
INFO: [Synth 8-7078] Launching helper process for spawning children vivado processes
INFO: [Synth 8-7075] Helper process launched with PID 20968
---------------------------------------------------------------------------------
Starting RTL Elaboration : Time (s): cpu = 00:00:06 ; elapsed = 00:00:07 . Memory (MB): peak = 1634.918 ; gain = 124.762
---------------------------------------------------------------------------------
INFO: [Synth 8-638] synthesizing module 'design_1_audio_pipeline_0_0' [c:/Users/gonin/Documents/COMP3601/COMP3601_TeamNASP/TeamNASP_3601_M2/TeamNASP_3601_M2.gen/sources_1/bd/design_1/ip/design_1_audio_pipeline_0_0/synth/design_1_audio_pipeline_0_0.vhd:92]
	Parameter PCM_PRECISION bound to: 18 - type: integer 
	Parameter PCM_WIDTH bound to: 24 - type: integer 
	Parameter DATA_WIDTH bound to: 32 - type: integer 
	Parameter FIFO_DEPTH bound to: 12 - type: integer 
	Parameter TRANSFER_LEN bound to: 5 - type: integer 
	Parameter C_S00_AXI_DATA_WIDTH bound to: 32 - type: integer 
	Parameter C_S00_AXI_ADDR_WIDTH bound to: 5 - type: integer 
INFO: [Synth 8-3491] module 'audio_pipeline' declared at 'C:/Users/gonin/Documents/COMP3601/COMP3601_TeamNASP/TeamNASP_3601_M2/TeamNASP_3601_M2.srcs/sources_1/imports/hdl/audio_pipeline.vhd:8' bound to instance 'U0' of component 'audio_pipeline' [c:/Users/gonin/Documents/COMP3601/COMP3601_TeamNASP/TeamNASP_3601_M2/TeamNASP_3601_M2.gen/sources_1/bd/design_1/ip/design_1_audio_pipeline_0_0/synth/design_1_audio_pipeline_0_0.vhd:184]
INFO: [Synth 8-638] synthesizing module 'audio_pipeline' [C:/Users/gonin/Documents/COMP3601/COMP3601_TeamNASP/TeamNASP_3601_M2/TeamNASP_3601_M2.srcs/sources_1/imports/hdl/audio_pipeline.vhd:65]
	Parameter C_S_AXI_DATA_WIDTH bound to: 32 - type: integer 
	Parameter C_S_AXI_ADDR_WIDTH bound to: 5 - type: integer 
INFO: [Synth 8-3491] module 'ctrl_bus' declared at 'C:/Users/gonin/Documents/COMP3601/COMP3601_TeamNASP/TeamNASP_3601_M2/TeamNASP_3601_M2.srcs/sources_1/imports/hdl/ctrl_bus.vhd:5' bound to instance 'inst_ctrl_bus' of component 'ctrl_bus' [C:/Users/gonin/Documents/COMP3601/COMP3601_TeamNASP/TeamNASP_3601_M2/TeamNASP_3601_M2.srcs/sources_1/imports/hdl/audio_pipeline.vhd:98]
INFO: [Synth 8-638] synthesizing module 'ctrl_bus' [C:/Users/gonin/Documents/COMP3601/COMP3601_TeamNASP/TeamNASP_3601_M2/TeamNASP_3601_M2.srcs/sources_1/imports/hdl/ctrl_bus.vhd:93]
INFO: [Synth 8-226] default block is never used [C:/Users/gonin/Documents/COMP3601/COMP3601_TeamNASP/TeamNASP_3601_M2/TeamNASP_3601_M2.srcs/sources_1/imports/hdl/ctrl_bus.vhd:250]
INFO: [Synth 8-226] default block is never used [C:/Users/gonin/Documents/COMP3601/COMP3601_TeamNASP/TeamNASP_3601_M2/TeamNASP_3601_M2.srcs/sources_1/imports/hdl/ctrl_bus.vhd:422]
INFO: [Synth 8-256] done synthesizing module 'ctrl_bus' (1#1) [C:/Users/gonin/Documents/COMP3601/COMP3601_TeamNASP/TeamNASP_3601_M2/TeamNASP_3601_M2.srcs/sources_1/imports/hdl/ctrl_bus.vhd:93]
	Parameter DATA_WIDTH bound to: 32 - type: integer 
	Parameter PCM_PRECISION bound to: 18 - type: integer 
INFO: [Synth 8-3491] module 'i2s_master' declared at 'C:/Users/gonin/Documents/COMP3601/COMP3601_TeamNASP/TeamNASP_3601_M2/TeamNASP_3601_M2.srcs/sources_1/imports/hdl/i2s_master.vhd:13' bound to instance 'inst_i2s_master' of component 'i2s_master' [C:/Users/gonin/Documents/COMP3601/COMP3601_TeamNASP/TeamNASP_3601_M2/TeamNASP_3601_M2.srcs/sources_1/imports/hdl/audio_pipeline.vhd:137]
INFO: [Synth 8-638] synthesizing module 'i2s_master' [C:/Users/gonin/Documents/COMP3601/COMP3601_TeamNASP/TeamNASP_3601_M2/TeamNASP_3601_M2.srcs/sources_1/imports/hdl/i2s_master.vhd:34]
WARNING: [Synth 8-614] signal 'word' is read in the process but is not in the sensitivity list [C:/Users/gonin/Documents/COMP3601/COMP3601_TeamNASP/TeamNASP_3601_M2/TeamNASP_3601_M2.srcs/sources_1/imports/hdl/i2s_master.vhd:49]
WARNING: [Synth 8-614] signal 'i2s_dout' is read in the process but is not in the sensitivity list [C:/Users/gonin/Documents/COMP3601/COMP3601_TeamNASP/TeamNASP_3601_M2/TeamNASP_3601_M2.srcs/sources_1/imports/hdl/i2s_master.vhd:109]
WARNING: [Synth 8-614] signal 'fifo_full' is read in the process but is not in the sensitivity list [C:/Users/gonin/Documents/COMP3601/COMP3601_TeamNASP/TeamNASP_3601_M2/TeamNASP_3601_M2.srcs/sources_1/imports/hdl/i2s_master.vhd:109]
INFO: [Synth 8-256] done synthesizing module 'i2s_master' (2#1) [C:/Users/gonin/Documents/COMP3601/COMP3601_TeamNASP/TeamNASP_3601_M2/TeamNASP_3601_M2.srcs/sources_1/imports/hdl/i2s_master.vhd:34]
	Parameter DATA_WIDTH bound to: 32 - type: integer 
	Parameter FIFO_DEPTH bound to: 12 - type: integer 
INFO: [Synth 8-3491] module 'fifo' declared at 'C:/Users/gonin/Documents/COMP3601/COMP3601_TeamNASP/TeamNASP_3601_M2/TeamNASP_3601_M2.srcs/sources_1/imports/hdl/fifo.vhd:5' bound to instance 'inst_fifo' of component 'fifo' [C:/Users/gonin/Documents/COMP3601/COMP3601_TeamNASP/TeamNASP_3601_M2/TeamNASP_3601_M2.srcs/sources_1/imports/hdl/audio_pipeline.vhd:158]
INFO: [Synth 8-638] synthesizing module 'fifo' [C:/Users/gonin/Documents/COMP3601/COMP3601_TeamNASP/TeamNASP_3601_M2/TeamNASP_3601_M2.srcs/sources_1/imports/hdl/fifo.vhd:23]
INFO: [Synth 8-256] done synthesizing module 'fifo' (3#1) [C:/Users/gonin/Documents/COMP3601/COMP3601_TeamNASP/TeamNASP_3601_M2/TeamNASP_3601_M2.srcs/sources_1/imports/hdl/fifo.vhd:23]
WARNING: [Synth 8-614] signal 'rst' is read in the process but is not in the sensitivity list [C:/Users/gonin/Documents/COMP3601/COMP3601_TeamNASP/TeamNASP_3601_M2/TeamNASP_3601_M2.srcs/sources_1/imports/hdl/audio_pipeline.vhd:185]
INFO: [Synth 8-256] done synthesizing module 'audio_pipeline' (4#1) [C:/Users/gonin/Documents/COMP3601/COMP3601_TeamNASP/TeamNASP_3601_M2/TeamNASP_3601_M2.srcs/sources_1/imports/hdl/audio_pipeline.vhd:65]
INFO: [Synth 8-256] done synthesizing module 'design_1_audio_pipeline_0_0' (5#1) [c:/Users/gonin/Documents/COMP3601/COMP3601_TeamNASP/TeamNASP_3601_M2/TeamNASP_3601_M2.gen/sources_1/bd/design_1/ip/design_1_audio_pipeline_0_0/synth/design_1_audio_pipeline_0_0.vhd:92]
---------------------------------------------------------------------------------
Finished RTL Elaboration : Time (s): cpu = 00:00:08 ; elapsed = 00:00:09 . Memory (MB): peak = 1695.488 ; gain = 185.332
---------------------------------------------------------------------------------
---------------------------------------------------------------------------------
Start Handling Custom Attributes
---------------------------------------------------------------------------------
---------------------------------------------------------------------------------
Finished Handling Custom Attributes : Time (s): cpu = 00:00:08 ; elapsed = 00:00:10 . Memory (MB): peak = 1713.383 ; gain = 203.227
---------------------------------------------------------------------------------
---------------------------------------------------------------------------------
Finished RTL Optimization Phase 1 : Time (s): cpu = 00:00:08 ; elapsed = 00:00:10 . Memory (MB): peak = 1713.383 ; gain = 203.227
---------------------------------------------------------------------------------
Netlist sorting complete. Time (s): cpu = 00:00:00 ; elapsed = 00:00:00.024 . Memory (MB): peak = 1713.383 ; gain = 0.000
INFO: [Project 1-570] Preparing netlist for logic optimization

Processing XDC Constraints
Initializing timing engine
Completed Processing XDC Constraints

Netlist sorting complete. Time (s): cpu = 00:00:00 ; elapsed = 00:00:00.001 . Memory (MB): peak = 1810.750 ; gain = 0.000
INFO: [Project 1-111] Unisim Transformation Summary:
No Unisim elements were transformed.

Constraint Validation Runtime : Time (s): cpu = 00:00:00 ; elapsed = 00:00:00.056 . Memory (MB): peak = 1830.617 ; gain = 19.867
---------------------------------------------------------------------------------
Finished Constraint Validation : Time (s): cpu = 00:00:16 ; elapsed = 00:00:18 . Memory (MB): peak = 1830.617 ; gain = 320.461
---------------------------------------------------------------------------------
---------------------------------------------------------------------------------
Start Loading Part and Timing Information
---------------------------------------------------------------------------------
Loading part: xck26-sfvc784-2LV-c
INFO: [Synth 8-6742] Reading net delay rules and data
---------------------------------------------------------------------------------
Finished Loading Part and Timing Information : Time (s): cpu = 00:00:16 ; elapsed = 00:00:18 . Memory (MB): peak = 1830.617 ; gain = 320.461
---------------------------------------------------------------------------------
---------------------------------------------------------------------------------
Start Applying 'set_property' XDC Constraints
---------------------------------------------------------------------------------
---------------------------------------------------------------------------------
Finished applying 'set_property' XDC Constraints : Time (s): cpu = 00:00:16 ; elapsed = 00:00:18 . Memory (MB): peak = 1830.617 ; gain = 320.461
---------------------------------------------------------------------------------
INFO: [Synth 8-802] inferred FSM for state register 'fsm_state_reg' in module 'i2s_master'
WARNING: [Synth 8-327] inferring latch for variable 'fifo_din_reg' [C:/Users/gonin/Documents/COMP3601/COMP3601_TeamNASP/TeamNASP_3601_M2/TeamNASP_3601_M2.srcs/sources_1/imports/hdl/i2s_master.vhd:113]
---------------------------------------------------------------------------------------------------
                   State |                     New Encoding |                Previous Encoding 
---------------------------------------------------------------------------------------------------
                  iSTATE |                              001 | 00000000000000000000000000000000
                 iSTATE0 |                              010 | 00000000000000000000000000000001
                 iSTATE1 |                              100 | 00000000000000000000000000000010
---------------------------------------------------------------------------------------------------
INFO: [Synth 8-3354] encoded FSM with state register 'fsm_state_reg' using encoding 'one-hot' in module 'i2s_master'
WARNING: [Synth 8-327] inferring latch for variable 'fifo_w_stb_reg' [C:/Users/gonin/Documents/COMP3601/COMP3601_TeamNASP/TeamNASP_3601_M2/TeamNASP_3601_M2.srcs/sources_1/imports/hdl/i2s_master.vhd:116]
---------------------------------------------------------------------------------
Finished RTL Optimization Phase 2 : Time (s): cpu = 00:00:16 ; elapsed = 00:00:18 . Memory (MB): peak = 1830.617 ; gain = 320.461
---------------------------------------------------------------------------------
---------------------------------------------------------------------------------
Start RTL Component Statistics 
---------------------------------------------------------------------------------
Detailed RTL Component Info : 
+---Adders : 
	   2 Input   32 Bit       Adders := 1     
	   2 Input   13 Bit       Adders := 2     
	   2 Input   12 Bit       Adders := 1     
	   2 Input    6 Bit       Adders := 1     
	   2 Input    5 Bit       Adders := 1     
+---XORs : 
	   2 Input      1 Bit         XORs := 1     
+---Registers : 
	               32 Bit    Registers := 7     
	               13 Bit    Registers := 2     
	                6 Bit    Registers := 1     
	                5 Bit    Registers := 3     
	                2 Bit    Registers := 2     
	                1 Bit    Registers := 11    
+---Muxes : 
	   2 Input   32 Bit        Muxes := 6     
	   8 Input   32 Bit        Muxes := 6     
	   3 Input   32 Bit        Muxes := 1     
	   2 Input    6 Bit        Muxes := 1     
	   2 Input    5 Bit        Muxes := 1     
	   2 Input    1 Bit        Muxes := 8     
	   3 Input    1 Bit        Muxes := 5     
---------------------------------------------------------------------------------
Finished RTL Component Statistics 
---------------------------------------------------------------------------------
---------------------------------------------------------------------------------
Start Part Resource Summary
---------------------------------------------------------------------------------
Part Resources:
DSPs: 1248 (col length:96)
BRAMs: 288 (col length: RAMB18 96 RAMB36 48)
---------------------------------------------------------------------------------
Finished Part Resource Summary
---------------------------------------------------------------------------------
---------------------------------------------------------------------------------
Start Cross Boundary and Area Optimization
---------------------------------------------------------------------------------
---------------------------------------------------------------------------------
Finished Cross Boundary and Area Optimization : Time (s): cpu = 00:00:18 ; elapsed = 00:00:21 . Memory (MB): peak = 1830.617 ; gain = 320.461
---------------------------------------------------------------------------------
---------------------------------------------------------------------------------
Start ROM, RAM, DSP, Shift Register and Retiming Reporting
---------------------------------------------------------------------------------

Distributed RAM: Preliminary Mapping Report (see note below)
+----------------------------+----------------------+-----------+----------------------+----------------+
|Module Name                 | RTL Object           | Inference | Size (Depth x Width) | Primitives     | 
+----------------------------+----------------------+-----------+----------------------+----------------+
|design_1_audio_pipeline_0_0 | U0/inst_fifo/mem_reg | Implied   | 4 K x 32             | RAM64M8 x 320  | 
+----------------------------+----------------------+-----------+----------------------+----------------+

Note: The table above is a preliminary report that shows the Distributed RAMs at the current stage of the synthesis flow. Some Distributed RAMs may be reimplemented as non Distributed RAM primitives later in the synthesis flow. Multiple instantiated RAMs are reported only once.
---------------------------------------------------------------------------------
Finished ROM, RAM, DSP, Shift Register and Retiming Reporting
---------------------------------------------------------------------------------
---------------------------------------------------------------------------------
Start Applying XDC Timing Constraints
---------------------------------------------------------------------------------
---------------------------------------------------------------------------------
Finished Applying XDC Timing Constraints : Time (s): cpu = 00:00:26 ; elapsed = 00:00:30 . Memory (MB): peak = 2349.133 ; gain = 838.977
---------------------------------------------------------------------------------
---------------------------------------------------------------------------------
Start Timing Optimization
---------------------------------------------------------------------------------
---------------------------------------------------------------------------------
Finished Timing Optimization : Time (s): cpu = 00:00:26 ; elapsed = 00:00:30 . Memory (MB): peak = 2351.020 ; gain = 840.863
---------------------------------------------------------------------------------
---------------------------------------------------------------------------------
Start ROM, RAM, DSP, Shift Register and Retiming Reporting
---------------------------------------------------------------------------------

Distributed RAM: Final Mapping Report
+----------------------------+----------------------+-----------+----------------------+----------------+
|Module Name                 | RTL Object           | Inference | Size (Depth x Width) | Primitives     | 
+----------------------------+----------------------+-----------+----------------------+----------------+
|design_1_audio_pipeline_0_0 | U0/inst_fifo/mem_reg | Implied   | 4 K x 32             | RAM64M8 x 320  | 
+----------------------------+----------------------+-----------+----------------------+----------------+

---------------------------------------------------------------------------------
Finished ROM, RAM, DSP, Shift Register and Retiming Reporting
---------------------------------------------------------------------------------
---------------------------------------------------------------------------------
Start Technology Mapping
---------------------------------------------------------------------------------
---------------------------------------------------------------------------------
Finished Technology Mapping : Time (s): cpu = 00:00:26 ; elapsed = 00:00:30 . Memory (MB): peak = 2372.352 ; gain = 862.195
---------------------------------------------------------------------------------
---------------------------------------------------------------------------------
Start IO Insertion
---------------------------------------------------------------------------------
---------------------------------------------------------------------------------
Start Flattening Before IO Insertion
---------------------------------------------------------------------------------
---------------------------------------------------------------------------------
Finished Flattening Before IO Insertion
---------------------------------------------------------------------------------
---------------------------------------------------------------------------------
Start Final Netlist Cleanup
---------------------------------------------------------------------------------
---------------------------------------------------------------------------------
Finished Final Netlist Cleanup
---------------------------------------------------------------------------------
---------------------------------------------------------------------------------
Finished IO Insertion : Time (s): cpu = 00:00:29 ; elapsed = 00:00:33 . Memory (MB): peak = 2388.152 ; gain = 877.996
---------------------------------------------------------------------------------
---------------------------------------------------------------------------------
Start Renaming Generated Instances
---------------------------------------------------------------------------------
---------------------------------------------------------------------------------
Finished Renaming Generated Instances : Time (s): cpu = 00:00:29 ; elapsed = 00:00:33 . Memory (MB): peak = 2388.152 ; gain = 877.996
---------------------------------------------------------------------------------
CRITICAL WARNING: [Synth 8-6859] multi-driven net on pin U0/sig_fifo_wr with 1st driver pin 'U0/inst_i2s_master/fifo_w_stb_reg/Q' [C:/Users/gonin/Documents/COMP3601/COMP3601_TeamNASP/TeamNASP_3601_M2/TeamNASP_3601_M2.srcs/sources_1/imports/hdl/i2s_master.vhd:116]
CRITICAL WARNING: [Synth 8-6859] multi-driven net on pin U0/sig_fifo_wr with 2nd driver pin 'U0/inst_i2s_master/fifo_w_stb_reg__0/Q' [C:/Users/gonin/Documents/COMP3601/COMP3601_TeamNASP/TeamNASP_3601_M2/TeamNASP_3601_M2.srcs/sources_1/imports/hdl/i2s_master.vhd:84]

Report Check Netlist: 
+------+------------------+-------+---------+-------+------------------+
|      |Item              |Errors |Warnings |Status |Description       |
+------+------------------+-------+---------+-------+------------------+
|1     |multi_driven_nets |      0|        1|Failed |Multi driven nets |
+------+------------------+-------+---------+-------+------------------+
---------------------------------------------------------------------------------
Start Rebuilding User Hierarchy
---------------------------------------------------------------------------------
---------------------------------------------------------------------------------
Finished Rebuilding User Hierarchy : Time (s): cpu = 00:00:29 ; elapsed = 00:00:33 . Memory (MB): peak = 2388.152 ; gain = 877.996
---------------------------------------------------------------------------------
---------------------------------------------------------------------------------
Start Renaming Generated Ports
---------------------------------------------------------------------------------
---------------------------------------------------------------------------------
Finished Renaming Generated Ports : Time (s): cpu = 00:00:29 ; elapsed = 00:00:33 . Memory (MB): peak = 2388.152 ; gain = 877.996
---------------------------------------------------------------------------------
---------------------------------------------------------------------------------
Start Handling Custom Attributes
---------------------------------------------------------------------------------
---------------------------------------------------------------------------------
Finished Handling Custom Attributes : Time (s): cpu = 00:00:29 ; elapsed = 00:00:33 . Memory (MB): peak = 2388.152 ; gain = 877.996
---------------------------------------------------------------------------------
---------------------------------------------------------------------------------
Start Renaming Generated Nets
---------------------------------------------------------------------------------
---------------------------------------------------------------------------------
Finished Renaming Generated Nets : Time (s): cpu = 00:00:29 ; elapsed = 00:00:33 . Memory (MB): peak = 2388.152 ; gain = 877.996
---------------------------------------------------------------------------------
---------------------------------------------------------------------------------
Start Writing Synthesis Report
---------------------------------------------------------------------------------

Report BlackBoxes: 
+-+--------------+----------+
| |BlackBox name |Instances |
+-+--------------+----------+
+-+--------------+----------+

Report Cell Usage: 
+------+--------+------+
|      |Cell    |Count |
+------+--------+------+
|1     |CARRY8  |    18|
|2     |LUT1    |    44|
|3     |LUT2    |    62|
|4     |LUT3    |    31|
|5     |LUT4    |    39|
|6     |LUT5    |    97|
|7     |LUT6    |   743|
|8     |MUXF7   |   256|
|9     |MUXF8   |   128|
|10    |RAM64M8 |   320|
|11    |FDCE    |    32|
|12    |FDRE    |   324|
|13    |FDSE    |     9|
|14    |LD      |    33|
+------+--------+------+
---------------------------------------------------------------------------------
Finished Writing Synthesis Report : Time (s): cpu = 00:00:29 ; elapsed = 00:00:33 . Memory (MB): peak = 2388.152 ; gain = 877.996
---------------------------------------------------------------------------------
Synthesis finished with 0 errors, 2 critical warnings and 2 warnings.
Synthesis Optimization Runtime : Time (s): cpu = 00:00:18 ; elapsed = 00:00:30 . Memory (MB): peak = 2388.152 ; gain = 760.762
Synthesis Optimization Complete : Time (s): cpu = 00:00:29 ; elapsed = 00:00:33 . Memory (MB): peak = 2388.152 ; gain = 877.996
INFO: [Project 1-571] Translating synthesized netlist
Netlist sorting complete. Time (s): cpu = 00:00:00 ; elapsed = 00:00:00.030 . Memory (MB): peak = 2400.172 ; gain = 0.000
INFO: [Netlist 29-17] Analyzing 755 Unisim elements for replacement
INFO: [Netlist 29-28] Unisim Transformation completed in 1 CPU seconds
INFO: [Project 1-570] Preparing netlist for logic optimization
INFO: [Opt 31-138] Pushed 0 inverter(s) to 0 load pin(s).
Netlist sorting complete. Time (s): cpu = 00:00:00 ; elapsed = 00:00:00.001 . Memory (MB): peak = 2429.949 ; gain = 0.000
INFO: [Project 1-111] Unisim Transformation Summary:
  A total of 353 instances were transformed.
  LD => LDCE: 33 instances
  RAM64M8 => RAM64M8 (RAMD64E(x8)): 320 instances

Synth Design complete, checksum: 2dbbdddd
INFO: [Common 17-83] Releasing license: Synthesis
36 Infos, 7 Warnings, 2 Critical Warnings and 0 Errors encountered.
synth_design completed successfully
synth_design: Time (s): cpu = 00:00:40 ; elapsed = 00:00:45 . Memory (MB): peak = 2429.949 ; gain = 1172.172
INFO: [Common 17-1381] The checkpoint 'C:/Users/gonin/Documents/COMP3601/COMP3601_TeamNASP/TeamNASP_3601_M2/TeamNASP_3601_M2.runs/design_1_audio_pipeline_0_0_synth_1/design_1_audio_pipeline_0_0.dcp' has been generated.
INFO: [runtcl-6] Synthesis results are not added to the cache due to CRITICAL_WARNING
INFO: [Coretcl 2-1174] Renamed 4 cell refs.
INFO: [Common 17-1381] The checkpoint 'C:/Users/gonin/Documents/COMP3601/COMP3601_TeamNASP/TeamNASP_3601_M2/TeamNASP_3601_M2.runs/design_1_audio_pipeline_0_0_synth_1/design_1_audio_pipeline_0_0.dcp' has been generated.
INFO: [runtcl-4] Executing : report_utilization -file design_1_audio_pipeline_0_0_utilization_synth.rpt -pb design_1_audio_pipeline_0_0_utilization_synth.pb
INFO: [Common 17-206] Exiting Vivado at Thu Oct 26 00:42:40 2023...
